<?xml version="1.0" encoding="UTF-8"?>
<testsuites name="Login" time="176.769" tests="4" failures="0" errors="0">
   <testsuite name="Login" tests="4" failures="0" errors="0" time="176.769" skipped="0" timestamp="13-02-2024T07:49:41" hostname="aziz_ - AspireVeroA2G" id="Test Suites/Login">
      <properties>
         <property name="deviceName" value=""/>
         <property name="devicePlatform" value=""/>
         <property name="logFolder" value="C:\\Users\\aziz_\\git\\finalProjectWeb\\Reports\\20240213_074432\\Login\\20240213_074435"/>
         <property name="logFiles" value="C:\\Users\\aziz_\\git\\finalProjectWeb\\Reports\\20240213_074432\\Login\\20240213_074435\\execution0.log"/>
         <property name="attachments" value=""/>
         <property name="hostName" value="aziz_ - AspireVeroA2G"/>
         <property name="os" value="Windows 11 64bit"/>
         <property name="katalonVersion" value="9.3.0.212"/>
         <property name="browser" value="Chrome 121.0.0.0"/>
         <property name="hostAddress" value="172.16.213.227"/>
         <property name="sessionId" value="03003632f9f1920197a14301527d0e28"/>
         <property name="seleniumVersion" value="3.141.59"/>
         <property name="proxyInformation" value="ProxyInformation { proxyOption=NO_PROXY, proxyServerType=HTTP, username=, password=********, proxyServerAddress=, proxyServerPort=0, executionList=&quot;&quot;, isApplyToDesiredCapabilities=true }"/>
         <property name="platform" value="Windows 11"/>
      </properties>
      <testcase name="Test Cases/Login 01 - Sukses" time="52.238" classname="Test Cases/Login 01 - Sukses" status="PASSED">
         <system-out><![CDATA[13-02-2024T07:49:42 - [TEST_CASE][PASSED] - Test Cases/Login 01 - Sukses: Test Cases/Login 01 - Sukses

13-02-2024T07:49:42 - [TEST_STEP][PASSED] - openBrowser(""): Browser is opened with url: ''

13-02-2024T07:49:43 - [MESSAGE][INFO] - Starting 'Chrome' driver

13-02-2024T07:49:43 - [MESSAGE][INFO] - User set preference: ['args', '[--start-maximized]']

13-02-2024T07:49:43 - [MESSAGE][INFO] - Action delay is set to 0 milliseconds

13-02-2024T07:49:44 - [MESSAGE][PASSED] - Browser is opened with url: ''

13-02-2024T07:49:44 - [TEST_STEP][PASSED] - navigateToUrl("https://advantageonlineshopping.com/#/"): Navigate to 'https://advantageonlineshopping.com/#/' successfully

13-02-2024T07:49:48 - [MESSAGE][PASSED] - Navigate to 'https://advantageonlineshopping.com/#/' successfully

13-02-2024T07:49:48 - [TEST_STEP][PASSED] - click(findTestObject("Object Repository/Record/Login/Page_Advantage Shopping/svg_CHECKOUT  (0.00)_menuUser")): Object: 'Object Repository/Record/Login/Page_Advantage Shopping/svg_CHECKOUT  (0.00)_menuUser' is clicked on

13-02-2024T07:49:53 - [MESSAGE][PASSED] - Object: 'Object Repository/Record/Login/Page_Advantage Shopping/svg_CHECKOUT  (0.00)_menuUser' is clicked on

13-02-2024T07:49:53 - [TEST_STEP][PASSED] - setText(findTestObject("Object Repository/Record/Login/Page_Advantage Shopping/input_OR_username"), username): Text 'khalim' is set on object 'Object Repository/Record/Login/Page_Advantage Shopping/input_OR_username'

13-02-2024T07:49:56 - [MESSAGE][PASSED] - Text 'khalim' is set on object 'Object Repository/Record/Login/Page_Advantage Shopping/input_OR_username'

13-02-2024T07:49:56 - [TEST_STEP][PASSED] - setEncryptedText(findTestObject("Object Repository/Record/Login/Page_Advantage Shopping/input_Username_password"), password): Text ****** has been set on object 'Object Repository/Record/Login/Page_Advantage Shopping/input_Username_password'

13-02-2024T07:49:58 - [MESSAGE][PASSED] - Text ****** has been set on object 'Object Repository/Record/Login/Page_Advantage Shopping/input_Username_password'

13-02-2024T07:49:58 - [TEST_STEP][PASSED] - click(findTestObject("Object Repository/Record/Login/Page_Advantage Shopping/button_SIGN IN")): Object: 'Object Repository/Record/Login/Page_Advantage Shopping/button_SIGN IN' is clicked on

13-02-2024T07:50:29 - [MESSAGE][INFO] - Unable to find the element located by 'By.xpath: '. Please recheck the objects properties to make sure the desired element is located. 

13-02-2024T07:50:29 - [MESSAGE][WARNING] - [SELF-HEALING] Failed to find element with id 'Object Repository/Record/Login/Page_Advantage Shopping/button_SIGN IN'. Try using Self-healing.

13-02-2024T07:50:30 - [MESSAGE][WARNING] - [SELF-HEALING] The current locator of test object 'Object Repository/Record/Login/Page_Advantage Shopping/button_SIGN IN' was broken. Propose an alternative one: '//button[@id='sign_in_btn']'.

13-02-2024T07:50:30 - [MESSAGE][PASSED] - Object: 'Object Repository/Record/Login/Page_Advantage Shopping/button_SIGN IN' is clicked on

13-02-2024T07:50:30 - [TEST_STEP][PASSED] - verifyElementText(findTestObject("Object Repository/Record/Login/Page_Advantage Shopping/span_testname"), username): Actual text and expected text of test object 'Object Repository/Record/Login/Page_Advantage Shopping/span_testname' are matched.

13-02-2024T07:50:31 - [MESSAGE][PASSED] - Actual text and expected text of test object 'Object Repository/Record/Login/Page_Advantage Shopping/span_testname' are matched.

13-02-2024T07:50:31 - [TEST_STEP][PASSED] - closeBrowser(): Browser is closed

13-02-2024T07:50:32 - [MESSAGE][PASSED] - Browser is closed

13-02-2024T07:50:34 - [TEST_STEP][PASSED] - Video: Video recording for test case 'Test Cases/Login 01 - Sukses' .

13-02-2024T07:50:34 - [MESSAGE][INFO] - Video recording for test case 'Test Cases/Login 01 - Sukses' .]]></system-out>
         <system-err><![CDATA[]]></system-err>
      </testcase>
      <testcase name="Test Cases/Login 01 - Sukses" time="49.6" classname="Test Cases/Login 01 - Sukses" status="PASSED">
         <system-out><![CDATA[13-02-2024T07:50:34 - [TEST_CASE][PASSED] - Test Cases/Login 01 - Sukses: Test Cases/Login 01 - Sukses

13-02-2024T07:50:34 - [TEST_STEP][PASSED] - openBrowser(""): Browser is opened with url: ''

13-02-2024T07:50:34 - [MESSAGE][INFO] - Starting 'Chrome' driver

13-02-2024T07:50:34 - [MESSAGE][INFO] - User set preference: ['args', '[--start-maximized]']

13-02-2024T07:50:34 - [MESSAGE][INFO] - Action delay is set to 0 milliseconds

13-02-2024T07:50:35 - [MESSAGE][PASSED] - Browser is opened with url: ''

13-02-2024T07:50:35 - [TEST_STEP][PASSED] - navigateToUrl("https://advantageonlineshopping.com/#/"): Navigate to 'https://advantageonlineshopping.com/#/' successfully

13-02-2024T07:50:36 - [MESSAGE][PASSED] - Navigate to 'https://advantageonlineshopping.com/#/' successfully

13-02-2024T07:50:36 - [TEST_STEP][PASSED] - click(findTestObject("Object Repository/Record/Login/Page_Advantage Shopping/svg_CHECKOUT  (0.00)_menuUser")): Object: 'Object Repository/Record/Login/Page_Advantage Shopping/svg_CHECKOUT  (0.00)_menuUser' is clicked on

13-02-2024T07:50:45 - [MESSAGE][PASSED] - Object: 'Object Repository/Record/Login/Page_Advantage Shopping/svg_CHECKOUT  (0.00)_menuUser' is clicked on

13-02-2024T07:50:45 - [TEST_STEP][PASSED] - setText(findTestObject("Object Repository/Record/Login/Page_Advantage Shopping/input_OR_username"), username): Text 'intany' is set on object 'Object Repository/Record/Login/Page_Advantage Shopping/input_OR_username'

13-02-2024T07:50:47 - [MESSAGE][PASSED] - Text 'intany' is set on object 'Object Repository/Record/Login/Page_Advantage Shopping/input_OR_username'

13-02-2024T07:50:47 - [TEST_STEP][PASSED] - setEncryptedText(findTestObject("Object Repository/Record/Login/Page_Advantage Shopping/input_Username_password"), password): Text ****** has been set on object 'Object Repository/Record/Login/Page_Advantage Shopping/input_Username_password'

13-02-2024T07:50:48 - [MESSAGE][PASSED] - Text ****** has been set on object 'Object Repository/Record/Login/Page_Advantage Shopping/input_Username_password'

13-02-2024T07:50:48 - [TEST_STEP][PASSED] - click(findTestObject("Object Repository/Record/Login/Page_Advantage Shopping/button_SIGN IN")): Object: 'Object Repository/Record/Login/Page_Advantage Shopping/button_SIGN IN' is clicked on

13-02-2024T07:51:19 - [MESSAGE][INFO] - Unable to find the element located by 'By.xpath: '. Please recheck the objects properties to make sure the desired element is located. 

13-02-2024T07:51:19 - [MESSAGE][WARNING] - [SELF-HEALING] Failed to find element with id 'Object Repository/Record/Login/Page_Advantage Shopping/button_SIGN IN'. Try using Self-healing.

13-02-2024T07:51:20 - [MESSAGE][WARNING] - [SELF-HEALING] The current locator of test object 'Object Repository/Record/Login/Page_Advantage Shopping/button_SIGN IN' was broken. Propose an alternative one: '//button[@id='sign_in_btn']'.

13-02-2024T07:51:20 - [MESSAGE][PASSED] - Object: 'Object Repository/Record/Login/Page_Advantage Shopping/button_SIGN IN' is clicked on

13-02-2024T07:51:20 - [TEST_STEP][PASSED] - verifyElementText(findTestObject("Object Repository/Record/Login/Page_Advantage Shopping/span_testname"), username): Actual text and expected text of test object 'Object Repository/Record/Login/Page_Advantage Shopping/span_testname' are matched.

13-02-2024T07:51:21 - [MESSAGE][PASSED] - Actual text and expected text of test object 'Object Repository/Record/Login/Page_Advantage Shopping/span_testname' are matched.

13-02-2024T07:51:21 - [TEST_STEP][PASSED] - closeBrowser(): Browser is closed

13-02-2024T07:51:22 - [MESSAGE][PASSED] - Browser is closed

13-02-2024T07:51:24 - [TEST_STEP][PASSED] - Video: Video recording for test case 'Test Cases/Login 01 - Sukses' .

13-02-2024T07:51:24 - [MESSAGE][INFO] - Video recording for test case 'Test Cases/Login 01 - Sukses' .]]></system-out>
         <system-err><![CDATA[]]></system-err>
      </testcase>
      <testcase name="Test Cases/Login 01 - Sukses" time="49.761" classname="Test Cases/Login 01 - Sukses" status="PASSED">
         <system-out><![CDATA[13-02-2024T07:51:24 - [TEST_CASE][PASSED] - Test Cases/Login 01 - Sukses: Test Cases/Login 01 - Sukses

13-02-2024T07:51:24 - [TEST_STEP][PASSED] - openBrowser(""): Browser is opened with url: ''

13-02-2024T07:51:24 - [MESSAGE][INFO] - Starting 'Chrome' driver

13-02-2024T07:51:24 - [MESSAGE][INFO] - User set preference: ['args', '[--start-maximized]']

13-02-2024T07:51:24 - [MESSAGE][INFO] - Action delay is set to 0 milliseconds

13-02-2024T07:51:25 - [MESSAGE][PASSED] - Browser is opened with url: ''

13-02-2024T07:51:25 - [TEST_STEP][PASSED] - navigateToUrl("https://advantageonlineshopping.com/#/"): Navigate to 'https://advantageonlineshopping.com/#/' successfully

13-02-2024T07:51:28 - [MESSAGE][PASSED] - Navigate to 'https://advantageonlineshopping.com/#/' successfully

13-02-2024T07:51:28 - [TEST_STEP][PASSED] - click(findTestObject("Object Repository/Record/Login/Page_Advantage Shopping/svg_CHECKOUT  (0.00)_menuUser")): Object: 'Object Repository/Record/Login/Page_Advantage Shopping/svg_CHECKOUT  (0.00)_menuUser' is clicked on

13-02-2024T07:51:35 - [MESSAGE][PASSED] - Object: 'Object Repository/Record/Login/Page_Advantage Shopping/svg_CHECKOUT  (0.00)_menuUser' is clicked on

13-02-2024T07:51:35 - [TEST_STEP][PASSED] - setText(findTestObject("Object Repository/Record/Login/Page_Advantage Shopping/input_OR_username"), username): Text 'emasgold' is set on object 'Object Repository/Record/Login/Page_Advantage Shopping/input_OR_username'

13-02-2024T07:51:36 - [MESSAGE][PASSED] - Text 'emasgold' is set on object 'Object Repository/Record/Login/Page_Advantage Shopping/input_OR_username'

13-02-2024T07:51:36 - [TEST_STEP][PASSED] - setEncryptedText(findTestObject("Object Repository/Record/Login/Page_Advantage Shopping/input_Username_password"), password): Text ****** has been set on object 'Object Repository/Record/Login/Page_Advantage Shopping/input_Username_password'

13-02-2024T07:51:38 - [MESSAGE][PASSED] - Text ****** has been set on object 'Object Repository/Record/Login/Page_Advantage Shopping/input_Username_password'

13-02-2024T07:51:38 - [TEST_STEP][PASSED] - click(findTestObject("Object Repository/Record/Login/Page_Advantage Shopping/button_SIGN IN")): Object: 'Object Repository/Record/Login/Page_Advantage Shopping/button_SIGN IN' is clicked on

13-02-2024T07:52:09 - [MESSAGE][INFO] - Unable to find the element located by 'By.xpath: '. Please recheck the objects properties to make sure the desired element is located. 

13-02-2024T07:52:09 - [MESSAGE][WARNING] - [SELF-HEALING] Failed to find element with id 'Object Repository/Record/Login/Page_Advantage Shopping/button_SIGN IN'. Try using Self-healing.

13-02-2024T07:52:10 - [MESSAGE][WARNING] - [SELF-HEALING] The current locator of test object 'Object Repository/Record/Login/Page_Advantage Shopping/button_SIGN IN' was broken. Propose an alternative one: '//button[@id='sign_in_btn']'.

13-02-2024T07:52:10 - [MESSAGE][PASSED] - Object: 'Object Repository/Record/Login/Page_Advantage Shopping/button_SIGN IN' is clicked on

13-02-2024T07:52:10 - [TEST_STEP][PASSED] - verifyElementText(findTestObject("Object Repository/Record/Login/Page_Advantage Shopping/span_testname"), username): Actual text and expected text of test object 'Object Repository/Record/Login/Page_Advantage Shopping/span_testname' are matched.

13-02-2024T07:52:11 - [MESSAGE][PASSED] - Actual text and expected text of test object 'Object Repository/Record/Login/Page_Advantage Shopping/span_testname' are matched.

13-02-2024T07:52:11 - [TEST_STEP][PASSED] - closeBrowser(): Browser is closed

13-02-2024T07:52:11 - [MESSAGE][PASSED] - Browser is closed

13-02-2024T07:52:14 - [TEST_STEP][PASSED] - Video: Video recording for test case 'Test Cases/Login 01 - Sukses' .

13-02-2024T07:52:14 - [MESSAGE][INFO] - Video recording for test case 'Test Cases/Login 01 - Sukses' .]]></system-out>
         <system-err><![CDATA[]]></system-err>
      </testcase>
      <testcase name="Test Cases/Login 02 - Gagal" time="24.687" classname="Test Cases/Login 02 - Gagal" status="PASSED">
         <system-out><![CDATA[13-02-2024T07:52:14 - [TEST_CASE][PASSED] - Test Cases/Login 02 - Gagal: Test Cases/Login 02 - Gagal

13-02-2024T07:52:14 - [TEST_STEP][PASSED] - openBrowser(""): Browser is opened with url: ''

13-02-2024T07:52:14 - [MESSAGE][INFO] - Starting 'Chrome' driver

13-02-2024T07:52:14 - [MESSAGE][INFO] - User set preference: ['args', '[--start-maximized]']

13-02-2024T07:52:14 - [MESSAGE][INFO] - Action delay is set to 0 milliseconds

13-02-2024T07:52:15 - [MESSAGE][PASSED] - Browser is opened with url: ''

13-02-2024T07:52:15 - [TEST_STEP][PASSED] - navigateToUrl("https://advantageonlineshopping.com/#/"): Navigate to 'https://advantageonlineshopping.com/#/' successfully

13-02-2024T07:52:17 - [MESSAGE][PASSED] - Navigate to 'https://advantageonlineshopping.com/#/' successfully

13-02-2024T07:52:17 - [TEST_STEP][PASSED] - click(findTestObject("Spy/Homepage/Page_Advantage Shopping/userIcon")): Object: 'Object Repository/Spy/Homepage/Page_Advantage Shopping/userIcon' is clicked on

13-02-2024T07:52:24 - [MESSAGE][PASSED] - Object: 'Object Repository/Spy/Homepage/Page_Advantage Shopping/userIcon' is clicked on

13-02-2024T07:52:24 - [TEST_STEP][PASSED] - delay(4): Delayed 4 second(s)

13-02-2024T07:52:28 - [MESSAGE][PASSED] - Delayed 4 second(s)

13-02-2024T07:52:28 - [TEST_STEP][PASSED] - setText(findTestObject("Spy/Homepage/Page_Advantage Shopping/usernameInput"), username): Text 'failuser' is set on object 'Object Repository/Spy/Homepage/Page_Advantage Shopping/usernameInput'

13-02-2024T07:52:29 - [MESSAGE][PASSED] - Text 'failuser' is set on object 'Object Repository/Spy/Homepage/Page_Advantage Shopping/usernameInput'

13-02-2024T07:52:29 - [TEST_STEP][PASSED] - setEncryptedText(findTestObject("Spy/Homepage/Page_Advantage Shopping/passwordInput"), password): Text ****** has been set on object 'Object Repository/Spy/Homepage/Page_Advantage Shopping/passwordInput'

13-02-2024T07:52:30 - [MESSAGE][PASSED] - Text ****** has been set on object 'Object Repository/Spy/Homepage/Page_Advantage Shopping/passwordInput'

13-02-2024T07:52:30 - [TEST_STEP][PASSED] - click(findTestObject("Spy/Homepage/Page_Advantage Shopping/signInButton")): Object: 'Object Repository/Spy/Homepage/Page_Advantage Shopping/signInButton' is clicked on

13-02-2024T07:52:31 - [MESSAGE][PASSED] - Object: 'Object Repository/Spy/Homepage/Page_Advantage Shopping/signInButton' is clicked on

13-02-2024T07:52:31 - [TEST_STEP][PASSED] - verifyTextPresent("Incorrect user name or password.", false): Text 'Incorrect user name or password.' is present on page 

13-02-2024T07:52:32 - [MESSAGE][PASSED] - Text 'Incorrect user name or password.' is present on page 

13-02-2024T07:52:32 - [TEST_STEP][PASSED] - delay(4): Delayed 4 second(s)

13-02-2024T07:52:36 - [MESSAGE][PASSED] - Delayed 4 second(s)

13-02-2024T07:52:36 - [TEST_STEP][PASSED] - closeBrowser(): Browser is closed

13-02-2024T07:52:36 - [MESSAGE][PASSED] - Browser is closed

13-02-2024T07:52:38 - [TEST_STEP][PASSED] - Video: Video recording for test case 'Test Cases/Login 02 - Gagal' .

13-02-2024T07:52:38 - [MESSAGE][INFO] - Video recording for test case 'Test Cases/Login 02 - Gagal' .]]></system-out>
         <system-err><![CDATA[]]></system-err>
      </testcase>
      <system-out><![CDATA[13-02-2024T07:49:41 - [TEST_SUITE][PASSED] - Login: Test Cases/Login 02 - Gagal]]></system-out>
      <system-err><![CDATA[]]></system-err>
   </testsuite>
</testsuites>
