<?xml version="1.0" encoding="UTF-8"?>
<testsuites name="New User Login" time="261.947" tests="6" failures="0" errors="0">
   <testsuite name="New User Login" tests="6" failures="0" errors="0" time="261.947" skipped="0" timestamp="12-02-2024T10:31:01" hostname="aziz_ - AspireVeroA2G" id="Test Suites/New User Login">
      <properties>
         <property name="deviceName" value=""/>
         <property name="devicePlatform" value=""/>
         <property name="logFolder" value="C:\\Users\\aziz_\\git\\finalProjectWeb\\Reports\\20240212_103057\\New User Login\\20240212_103057"/>
         <property name="logFiles" value="C:\\Users\\aziz_\\git\\finalProjectWeb\\Reports\\20240212_103057\\New User Login\\20240212_103057\\execution0.log"/>
         <property name="attachments" value=""/>
         <property name="hostName" value="aziz_ - AspireVeroA2G"/>
         <property name="os" value="Windows 11 64bit"/>
         <property name="katalonVersion" value="9.3.0.212"/>
         <property name="browser" value="Chrome 121.0.0.0"/>
         <property name="hostAddress" value="172.16.213.227"/>
         <property name="sessionId" value="0abf25ff6c4ffc705d4f1d228826cc6b"/>
         <property name="seleniumVersion" value="3.141.59"/>
         <property name="proxyInformation" value="ProxyInformation { proxyOption=NO_PROXY, proxyServerType=HTTP, username=, password=********, proxyServerAddress=, proxyServerPort=0, executionList=&quot;&quot;, isApplyToDesiredCapabilities=true }"/>
         <property name="platform" value="Windows 11"/>
      </properties>
      <testcase name="Test Cases/Register" time="72.333" classname="Test Cases/Register" status="PASSED">
         <system-out><![CDATA[12-02-2024T10:31:02 - [TEST_CASE][PASSED] - Test Cases/Register: Test Cases/Register

12-02-2024T10:31:02 - [TEST_STEP][PASSED] - openBrowser(""): Browser is opened with url: ''

12-02-2024T10:31:03 - [MESSAGE][INFO] - Starting 'Chrome' driver

12-02-2024T10:31:03 - [MESSAGE][INFO] - Action delay is set to 0 milliseconds

12-02-2024T10:31:04 - [MESSAGE][PASSED] - Browser is opened with url: ''

12-02-2024T10:31:04 - [TEST_STEP][PASSED] - navigateToUrl(url): Navigate to 'https://advantageonlineshopping.com/#/' successfully

12-02-2024T10:31:08 - [MESSAGE][PASSED] - Navigate to 'https://advantageonlineshopping.com/#/' successfully

12-02-2024T10:31:08 - [TEST_STEP][PASSED] - click(findTestObject("Object Repository/Record/Register/Page_Advantage Shopping/svg_CHECKOUT  (0.00)_menuUser")): Object: 'Object Repository/Record/Register/Page_Advantage Shopping/svg_CHECKOUT  (0.00)_menuUser' is clicked on

12-02-2024T10:31:14 - [MESSAGE][PASSED] - Object: 'Object Repository/Record/Register/Page_Advantage Shopping/svg_CHECKOUT  (0.00)_menuUser' is clicked on

12-02-2024T10:31:14 - [TEST_STEP][PASSED] - delay(3): Delayed 3 second(s)

12-02-2024T10:31:18 - [MESSAGE][PASSED] - Delayed 3 second(s)

12-02-2024T10:31:18 - [TEST_STEP][PASSED] - click(findTestObject("Object Repository/Record/Register/Page_Advantage Shopping/a_CREATE NEW ACCOUNT")): Object: 'Object Repository/Record/Register/Page_Advantage Shopping/a_CREATE NEW ACCOUNT' is clicked on

12-02-2024T10:31:18 - [MESSAGE][PASSED] - Object: 'Object Repository/Record/Register/Page_Advantage Shopping/a_CREATE NEW ACCOUNT' is clicked on

12-02-2024T10:31:18 - [TEST_STEP][PASSED] - setText(findTestObject("Object Repository/Record/Register/Page_Advantage Shopping/input__usernameRegisterPage"), username): Text 'khalim' is set on object 'Object Repository/Record/Register/Page_Advantage Shopping/input__usernameRegisterPage'

12-02-2024T10:31:20 - [MESSAGE][PASSED] - Text 'khalim' is set on object 'Object Repository/Record/Register/Page_Advantage Shopping/input__usernameRegisterPage'

12-02-2024T10:31:20 - [TEST_STEP][PASSED] - setText(findTestObject("Object Repository/Record/Register/Page_Advantage Shopping/input__emailRegisterPage"), email): Text 'khalim@mail.com' is set on object 'Object Repository/Record/Register/Page_Advantage Shopping/input__emailRegisterPage'

12-02-2024T10:31:21 - [MESSAGE][PASSED] - Text 'khalim@mail.com' is set on object 'Object Repository/Record/Register/Page_Advantage Shopping/input__emailRegisterPage'

12-02-2024T10:31:21 - [TEST_STEP][PASSED] - setEncryptedText(findTestObject("Object Repository/Record/Register/Page_Advantage Shopping/input__passwordRegisterPage"), password): Text ****** has been set on object 'Object Repository/Record/Register/Page_Advantage Shopping/input__passwordRegisterPage'

12-02-2024T10:31:22 - [MESSAGE][PASSED] - Text ****** has been set on object 'Object Repository/Record/Register/Page_Advantage Shopping/input__passwordRegisterPage'

12-02-2024T10:31:22 - [TEST_STEP][PASSED] - setEncryptedText(findTestObject("Object Repository/Record/Register/Page_Advantage Shopping/input__confirm_passwordRegisterPage"), password): Text ****** has been set on object 'Object Repository/Record/Register/Page_Advantage Shopping/input__confirm_passwordRegisterPage'

12-02-2024T10:31:22 - [MESSAGE][PASSED] - Text ****** has been set on object 'Object Repository/Record/Register/Page_Advantage Shopping/input__confirm_passwordRegisterPage'

12-02-2024T10:31:22 - [TEST_STEP][PASSED] - setText(findTestObject("Object Repository/Record/Register/Page_Advantage Shopping/input_PERSONAL DETAILS_first_nameRegisterPage"), firstName): Text 'Kurnia' is set on object 'Object Repository/Record/Register/Page_Advantage Shopping/input_PERSONAL DETAILS_first_nameRegisterPage'

12-02-2024T10:31:23 - [MESSAGE][PASSED] - Text 'Kurnia' is set on object 'Object Repository/Record/Register/Page_Advantage Shopping/input_PERSONAL DETAILS_first_nameRegisterPage'

12-02-2024T10:31:23 - [TEST_STEP][PASSED] - setText(findTestObject("Object Repository/Record/Register/Page_Advantage Shopping/input_- Use maximum 30 character_last_nameR_6ef033"), lastName): Text 'Halim' is set on object 'Object Repository/Record/Register/Page_Advantage Shopping/input_- Use maximum 30 character_last_nameR_6ef033'

12-02-2024T10:31:25 - [MESSAGE][PASSED] - Text 'Halim' is set on object 'Object Repository/Record/Register/Page_Advantage Shopping/input_- Use maximum 30 character_last_nameR_6ef033'

12-02-2024T10:31:25 - [TEST_STEP][PASSED] - setText(findTestObject("Object Repository/Record/Register/Page_Advantage Shopping/input_- Use maximum 30 character_phone_numb_7c938a"), phoneNumber): Text '081110101919' is set on object 'Object Repository/Record/Register/Page_Advantage Shopping/input_- Use maximum 30 character_phone_numb_7c938a'

12-02-2024T10:31:26 - [MESSAGE][PASSED] - Text '081110101919' is set on object 'Object Repository/Record/Register/Page_Advantage Shopping/input_- Use maximum 30 character_phone_numb_7c938a'

12-02-2024T10:31:26 - [TEST_STEP][PASSED] - selectOptionByLabel(findTestObject("Object Repository/Record/Register/Page_Advantage Shopping/select_AfganistanAlbaniaAlgeriaAmerican Sam_3cef8a"), country, true): All options with label 'Indonesia' are selected in object 'Object Repository/Record/Register/Page_Advantage Shopping/select_AfganistanAlbaniaAlgeriaAmerican Sam_3cef8a'  using regular expression

12-02-2024T10:31:32 - [MESSAGE][PASSED] - All options with label 'Indonesia' are selected in object 'Object Repository/Record/Register/Page_Advantage Shopping/select_AfganistanAlbaniaAlgeriaAmerican Sam_3cef8a'  using regular expression

12-02-2024T10:31:32 - [TEST_STEP][PASSED] - setText(findTestObject("Object Repository/Record/Register/Page_Advantage Shopping/input_Country_cityRegisterPage"), city): Text 'Jawa Barat' is set on object 'Object Repository/Record/Register/Page_Advantage Shopping/input_Country_cityRegisterPage'

12-02-2024T10:31:32 - [MESSAGE][PASSED] - Text 'Jawa Barat' is set on object 'Object Repository/Record/Register/Page_Advantage Shopping/input_Country_cityRegisterPage'

12-02-2024T10:31:32 - [TEST_STEP][PASSED] - setText(findTestObject("Object Repository/Record/Register/Page_Advantage Shopping/input_- Use maximum 25 character_addressReg_9e23b3"), address): Text 'Jalan Raya Cibubur' is set on object 'Object Repository/Record/Register/Page_Advantage Shopping/input_- Use maximum 25 character_addressReg_9e23b3'

12-02-2024T10:31:34 - [MESSAGE][PASSED] - Text 'Jalan Raya Cibubur' is set on object 'Object Repository/Record/Register/Page_Advantage Shopping/input_- Use maximum 25 character_addressReg_9e23b3'

12-02-2024T10:31:34 - [TEST_STEP][PASSED] - setText(findTestObject("Object Repository/Record/Register/Page_Advantage Shopping/input_- Use maximum 50 character_state__pro_272a54"), region): Text 'Bogor' is set on object 'Object Repository/Record/Register/Page_Advantage Shopping/input_- Use maximum 50 character_state__pro_272a54'

12-02-2024T10:31:35 - [MESSAGE][PASSED] - Text 'Bogor' is set on object 'Object Repository/Record/Register/Page_Advantage Shopping/input_- Use maximum 50 character_state__pro_272a54'

12-02-2024T10:31:35 - [TEST_STEP][PASSED] - setText(findTestObject("Object Repository/Record/Register/Page_Advantage Shopping/input_- Use maximum 10 character_postal_cod_639c2f"), postCode): Text '10982' is set on object 'Object Repository/Record/Register/Page_Advantage Shopping/input_- Use maximum 10 character_postal_cod_639c2f'

12-02-2024T10:31:36 - [MESSAGE][PASSED] - Text '10982' is set on object 'Object Repository/Record/Register/Page_Advantage Shopping/input_- Use maximum 10 character_postal_cod_639c2f'

12-02-2024T10:31:36 - [TEST_STEP][PASSED] - click(findTestObject("Object Repository/Record/Register/Page_Advantage Shopping/input_Receive exclusive offers and promotio_5c7450")): Object: 'Object Repository/Record/Register/Page_Advantage Shopping/input_Receive exclusive offers and promotio_5c7450' is clicked on

12-02-2024T10:31:37 - [MESSAGE][PASSED] - Object: 'Object Repository/Record/Register/Page_Advantage Shopping/input_Receive exclusive offers and promotio_5c7450' is clicked on

12-02-2024T10:31:37 - [TEST_STEP][PASSED] - click(findTestObject("Object Repository/Record/Register/Page_Advantage Shopping/button_REGISTER")): Object: 'Object Repository/Record/Register/Page_Advantage Shopping/button_REGISTER' is clicked on

12-02-2024T10:31:37 - [MESSAGE][PASSED] - Object: 'Object Repository/Record/Register/Page_Advantage Shopping/button_REGISTER' is clicked on

12-02-2024T10:31:37 - [TEST_STEP][PASSED] - verifyElementText(findTestObject("Object Repository/Record/Register/Page_Advantage Shopping/span_testname"), username): Actual text and expected text of test object 'Object Repository/Record/Register/Page_Advantage Shopping/span_testname' are matched.

12-02-2024T10:32:08 - [MESSAGE][INFO] - Unable to find the element located by 'By.xpath: '. Please recheck the objects properties to make sure the desired element is located. 

12-02-2024T10:32:08 - [MESSAGE][WARNING] - [SELF-HEALING] Failed to find element with id 'Object Repository/Record/Register/Page_Advantage Shopping/span_testname'. Try using Self-healing.

12-02-2024T10:32:09 - [MESSAGE][WARNING] - [SELF-HEALING] The current locator of test object 'Object Repository/Record/Register/Page_Advantage Shopping/span_testname' was broken. Propose an alternative one: '//a[@id='menuUserLink']/span'.

12-02-2024T10:32:09 - [MESSAGE][PASSED] - Actual text and expected text of test object 'Object Repository/Record/Register/Page_Advantage Shopping/span_testname' are matched.

12-02-2024T10:32:09 - [TEST_STEP][PASSED] - delay(3): Delayed 3 second(s)

12-02-2024T10:32:12 - [MESSAGE][PASSED] - Delayed 3 second(s)

12-02-2024T10:32:12 - [TEST_STEP][PASSED] - closeBrowser(): Browser is closed

12-02-2024T10:32:12 - [MESSAGE][PASSED] - Browser is closed

12-02-2024T10:32:14 - [TEST_STEP][PASSED] - Video: Video recording for test case 'Test Cases/Register' .

12-02-2024T10:32:14 - [MESSAGE][INFO] - Video recording for test case 'Test Cases/Register' .]]></system-out>
         <system-err><![CDATA[]]></system-err>
      </testcase>
      <testcase name="Test Cases/Register" time="69.007" classname="Test Cases/Register" status="PASSED">
         <system-out><![CDATA[12-02-2024T10:32:14 - [TEST_CASE][PASSED] - Test Cases/Register: Test Cases/Register

12-02-2024T10:32:14 - [TEST_STEP][PASSED] - openBrowser(""): Browser is opened with url: ''

12-02-2024T10:32:14 - [MESSAGE][INFO] - Starting 'Chrome' driver

12-02-2024T10:32:14 - [MESSAGE][INFO] - Action delay is set to 0 milliseconds

12-02-2024T10:32:15 - [MESSAGE][PASSED] - Browser is opened with url: ''

12-02-2024T10:32:15 - [TEST_STEP][PASSED] - navigateToUrl(url): Navigate to 'https://advantageonlineshopping.com/#/' successfully

12-02-2024T10:32:16 - [MESSAGE][PASSED] - Navigate to 'https://advantageonlineshopping.com/#/' successfully

12-02-2024T10:32:16 - [TEST_STEP][PASSED] - click(findTestObject("Object Repository/Record/Register/Page_Advantage Shopping/svg_CHECKOUT  (0.00)_menuUser")): Object: 'Object Repository/Record/Register/Page_Advantage Shopping/svg_CHECKOUT  (0.00)_menuUser' is clicked on

12-02-2024T10:32:25 - [MESSAGE][PASSED] - Object: 'Object Repository/Record/Register/Page_Advantage Shopping/svg_CHECKOUT  (0.00)_menuUser' is clicked on

12-02-2024T10:32:25 - [TEST_STEP][PASSED] - delay(3): Delayed 3 second(s)

12-02-2024T10:32:28 - [MESSAGE][PASSED] - Delayed 3 second(s)

12-02-2024T10:32:28 - [TEST_STEP][PASSED] - click(findTestObject("Object Repository/Record/Register/Page_Advantage Shopping/a_CREATE NEW ACCOUNT")): Object: 'Object Repository/Record/Register/Page_Advantage Shopping/a_CREATE NEW ACCOUNT' is clicked on

12-02-2024T10:32:28 - [MESSAGE][PASSED] - Object: 'Object Repository/Record/Register/Page_Advantage Shopping/a_CREATE NEW ACCOUNT' is clicked on

12-02-2024T10:32:28 - [TEST_STEP][PASSED] - setText(findTestObject("Object Repository/Record/Register/Page_Advantage Shopping/input__usernameRegisterPage"), username): Text 'intany' is set on object 'Object Repository/Record/Register/Page_Advantage Shopping/input__usernameRegisterPage'

12-02-2024T10:32:30 - [MESSAGE][PASSED] - Text 'intany' is set on object 'Object Repository/Record/Register/Page_Advantage Shopping/input__usernameRegisterPage'

12-02-2024T10:32:30 - [TEST_STEP][PASSED] - setText(findTestObject("Object Repository/Record/Register/Page_Advantage Shopping/input__emailRegisterPage"), email): Text 'intany@mail.com' is set on object 'Object Repository/Record/Register/Page_Advantage Shopping/input__emailRegisterPage'

12-02-2024T10:32:31 - [MESSAGE][PASSED] - Text 'intany@mail.com' is set on object 'Object Repository/Record/Register/Page_Advantage Shopping/input__emailRegisterPage'

12-02-2024T10:32:31 - [TEST_STEP][PASSED] - setEncryptedText(findTestObject("Object Repository/Record/Register/Page_Advantage Shopping/input__passwordRegisterPage"), password): Text ****** has been set on object 'Object Repository/Record/Register/Page_Advantage Shopping/input__passwordRegisterPage'

12-02-2024T10:32:32 - [MESSAGE][PASSED] - Text ****** has been set on object 'Object Repository/Record/Register/Page_Advantage Shopping/input__passwordRegisterPage'

12-02-2024T10:32:32 - [TEST_STEP][PASSED] - setEncryptedText(findTestObject("Object Repository/Record/Register/Page_Advantage Shopping/input__confirm_passwordRegisterPage"), password): Text ****** has been set on object 'Object Repository/Record/Register/Page_Advantage Shopping/input__confirm_passwordRegisterPage'

12-02-2024T10:32:33 - [MESSAGE][PASSED] - Text ****** has been set on object 'Object Repository/Record/Register/Page_Advantage Shopping/input__confirm_passwordRegisterPage'

12-02-2024T10:32:33 - [TEST_STEP][PASSED] - setText(findTestObject("Object Repository/Record/Register/Page_Advantage Shopping/input_PERSONAL DETAILS_first_nameRegisterPage"), firstName): Text 'Intan' is set on object 'Object Repository/Record/Register/Page_Advantage Shopping/input_PERSONAL DETAILS_first_nameRegisterPage'

12-02-2024T10:32:34 - [MESSAGE][PASSED] - Text 'Intan' is set on object 'Object Repository/Record/Register/Page_Advantage Shopping/input_PERSONAL DETAILS_first_nameRegisterPage'

12-02-2024T10:32:34 - [TEST_STEP][PASSED] - setText(findTestObject("Object Repository/Record/Register/Page_Advantage Shopping/input_- Use maximum 30 character_last_nameR_6ef033"), lastName): Text 'Yolanda' is set on object 'Object Repository/Record/Register/Page_Advantage Shopping/input_- Use maximum 30 character_last_nameR_6ef033'

12-02-2024T10:32:35 - [MESSAGE][PASSED] - Text 'Yolanda' is set on object 'Object Repository/Record/Register/Page_Advantage Shopping/input_- Use maximum 30 character_last_nameR_6ef033'

12-02-2024T10:32:35 - [TEST_STEP][PASSED] - setText(findTestObject("Object Repository/Record/Register/Page_Advantage Shopping/input_- Use maximum 30 character_phone_numb_7c938a"), phoneNumber): Text '089910153322' is set on object 'Object Repository/Record/Register/Page_Advantage Shopping/input_- Use maximum 30 character_phone_numb_7c938a'

12-02-2024T10:32:36 - [MESSAGE][PASSED] - Text '089910153322' is set on object 'Object Repository/Record/Register/Page_Advantage Shopping/input_- Use maximum 30 character_phone_numb_7c938a'

12-02-2024T10:32:36 - [TEST_STEP][PASSED] - selectOptionByLabel(findTestObject("Object Repository/Record/Register/Page_Advantage Shopping/select_AfganistanAlbaniaAlgeriaAmerican Sam_3cef8a"), country, true): All options with label 'Australia' are selected in object 'Object Repository/Record/Register/Page_Advantage Shopping/select_AfganistanAlbaniaAlgeriaAmerican Sam_3cef8a'  using regular expression

12-02-2024T10:32:41 - [MESSAGE][PASSED] - All options with label 'Australia' are selected in object 'Object Repository/Record/Register/Page_Advantage Shopping/select_AfganistanAlbaniaAlgeriaAmerican Sam_3cef8a'  using regular expression

12-02-2024T10:32:41 - [TEST_STEP][PASSED] - setText(findTestObject("Object Repository/Record/Register/Page_Advantage Shopping/input_Country_cityRegisterPage"), city): Text 'NSW' is set on object 'Object Repository/Record/Register/Page_Advantage Shopping/input_Country_cityRegisterPage'

12-02-2024T10:32:42 - [MESSAGE][PASSED] - Text 'NSW' is set on object 'Object Repository/Record/Register/Page_Advantage Shopping/input_Country_cityRegisterPage'

12-02-2024T10:32:42 - [TEST_STEP][PASSED] - setText(findTestObject("Object Repository/Record/Register/Page_Advantage Shopping/input_- Use maximum 25 character_addressReg_9e23b3"), address): Text 'Melbourne Ave' is set on object 'Object Repository/Record/Register/Page_Advantage Shopping/input_- Use maximum 25 character_addressReg_9e23b3'

12-02-2024T10:32:43 - [MESSAGE][PASSED] - Text 'Melbourne Ave' is set on object 'Object Repository/Record/Register/Page_Advantage Shopping/input_- Use maximum 25 character_addressReg_9e23b3'

12-02-2024T10:32:43 - [TEST_STEP][PASSED] - setText(findTestObject("Object Repository/Record/Register/Page_Advantage Shopping/input_- Use maximum 50 character_state__pro_272a54"), region): Text 'Melbourne' is set on object 'Object Repository/Record/Register/Page_Advantage Shopping/input_- Use maximum 50 character_state__pro_272a54'

12-02-2024T10:32:44 - [MESSAGE][PASSED] - Text 'Melbourne' is set on object 'Object Repository/Record/Register/Page_Advantage Shopping/input_- Use maximum 50 character_state__pro_272a54'

12-02-2024T10:32:44 - [TEST_STEP][PASSED] - setText(findTestObject("Object Repository/Record/Register/Page_Advantage Shopping/input_- Use maximum 10 character_postal_cod_639c2f"), postCode): Text '12345' is set on object 'Object Repository/Record/Register/Page_Advantage Shopping/input_- Use maximum 10 character_postal_cod_639c2f'

12-02-2024T10:32:45 - [MESSAGE][PASSED] - Text '12345' is set on object 'Object Repository/Record/Register/Page_Advantage Shopping/input_- Use maximum 10 character_postal_cod_639c2f'

12-02-2024T10:32:45 - [TEST_STEP][PASSED] - click(findTestObject("Object Repository/Record/Register/Page_Advantage Shopping/input_Receive exclusive offers and promotio_5c7450")): Object: 'Object Repository/Record/Register/Page_Advantage Shopping/input_Receive exclusive offers and promotio_5c7450' is clicked on

12-02-2024T10:32:46 - [MESSAGE][PASSED] - Object: 'Object Repository/Record/Register/Page_Advantage Shopping/input_Receive exclusive offers and promotio_5c7450' is clicked on

12-02-2024T10:32:46 - [TEST_STEP][PASSED] - click(findTestObject("Object Repository/Record/Register/Page_Advantage Shopping/button_REGISTER")): Object: 'Object Repository/Record/Register/Page_Advantage Shopping/button_REGISTER' is clicked on

12-02-2024T10:32:46 - [MESSAGE][PASSED] - Object: 'Object Repository/Record/Register/Page_Advantage Shopping/button_REGISTER' is clicked on

12-02-2024T10:32:46 - [TEST_STEP][PASSED] - verifyElementText(findTestObject("Object Repository/Record/Register/Page_Advantage Shopping/span_testname"), username): Actual text and expected text of test object 'Object Repository/Record/Register/Page_Advantage Shopping/span_testname' are matched.

12-02-2024T10:33:18 - [MESSAGE][INFO] - Unable to find the element located by 'By.xpath: '. Please recheck the objects properties to make sure the desired element is located. 

12-02-2024T10:33:18 - [MESSAGE][WARNING] - [SELF-HEALING] Failed to find element with id 'Object Repository/Record/Register/Page_Advantage Shopping/span_testname'. Try using Self-healing.

12-02-2024T10:33:18 - [MESSAGE][WARNING] - [SELF-HEALING] The current locator of test object 'Object Repository/Record/Register/Page_Advantage Shopping/span_testname' was broken. Propose an alternative one: '//a[@id='menuUserLink']/span'.

12-02-2024T10:33:18 - [MESSAGE][PASSED] - Actual text and expected text of test object 'Object Repository/Record/Register/Page_Advantage Shopping/span_testname' are matched.

12-02-2024T10:33:18 - [TEST_STEP][PASSED] - delay(3): Delayed 3 second(s)

12-02-2024T10:33:21 - [MESSAGE][PASSED] - Delayed 3 second(s)

12-02-2024T10:33:21 - [TEST_STEP][PASSED] - closeBrowser(): Browser is closed

12-02-2024T10:33:21 - [MESSAGE][PASSED] - Browser is closed

12-02-2024T10:33:23 - [TEST_STEP][PASSED] - Video: Video recording for test case 'Test Cases/Register' .

12-02-2024T10:33:23 - [MESSAGE][INFO] - Video recording for test case 'Test Cases/Register' .]]></system-out>
         <system-err><![CDATA[]]></system-err>
      </testcase>
      <testcase name="Test Cases/Register" time="69.886" classname="Test Cases/Register" status="PASSED">
         <system-out><![CDATA[12-02-2024T10:33:23 - [TEST_CASE][PASSED] - Test Cases/Register: Test Cases/Register

12-02-2024T10:33:23 - [TEST_STEP][PASSED] - openBrowser(""): Browser is opened with url: ''

12-02-2024T10:33:23 - [MESSAGE][INFO] - Starting 'Chrome' driver

12-02-2024T10:33:23 - [MESSAGE][INFO] - Action delay is set to 0 milliseconds

12-02-2024T10:33:24 - [MESSAGE][PASSED] - Browser is opened with url: ''

12-02-2024T10:33:24 - [TEST_STEP][PASSED] - navigateToUrl(url): Navigate to 'https://advantageonlineshopping.com/#/' successfully

12-02-2024T10:33:27 - [MESSAGE][PASSED] - Navigate to 'https://advantageonlineshopping.com/#/' successfully

12-02-2024T10:33:27 - [TEST_STEP][PASSED] - click(findTestObject("Object Repository/Record/Register/Page_Advantage Shopping/svg_CHECKOUT  (0.00)_menuUser")): Object: 'Object Repository/Record/Register/Page_Advantage Shopping/svg_CHECKOUT  (0.00)_menuUser' is clicked on

12-02-2024T10:33:33 - [MESSAGE][PASSED] - Object: 'Object Repository/Record/Register/Page_Advantage Shopping/svg_CHECKOUT  (0.00)_menuUser' is clicked on

12-02-2024T10:33:33 - [TEST_STEP][PASSED] - delay(3): Delayed 3 second(s)

12-02-2024T10:33:36 - [MESSAGE][PASSED] - Delayed 3 second(s)

12-02-2024T10:33:36 - [TEST_STEP][PASSED] - click(findTestObject("Object Repository/Record/Register/Page_Advantage Shopping/a_CREATE NEW ACCOUNT")): Object: 'Object Repository/Record/Register/Page_Advantage Shopping/a_CREATE NEW ACCOUNT' is clicked on

12-02-2024T10:33:36 - [MESSAGE][PASSED] - Object: 'Object Repository/Record/Register/Page_Advantage Shopping/a_CREATE NEW ACCOUNT' is clicked on

12-02-2024T10:33:36 - [TEST_STEP][PASSED] - setText(findTestObject("Object Repository/Record/Register/Page_Advantage Shopping/input__usernameRegisterPage"), username): Text 'emasgold' is set on object 'Object Repository/Record/Register/Page_Advantage Shopping/input__usernameRegisterPage'

12-02-2024T10:33:38 - [MESSAGE][PASSED] - Text 'emasgold' is set on object 'Object Repository/Record/Register/Page_Advantage Shopping/input__usernameRegisterPage'

12-02-2024T10:33:38 - [TEST_STEP][PASSED] - setText(findTestObject("Object Repository/Record/Register/Page_Advantage Shopping/input__emailRegisterPage"), email): Text 'emasgold@mail.com' is set on object 'Object Repository/Record/Register/Page_Advantage Shopping/input__emailRegisterPage'

12-02-2024T10:33:39 - [MESSAGE][PASSED] - Text 'emasgold@mail.com' is set on object 'Object Repository/Record/Register/Page_Advantage Shopping/input__emailRegisterPage'

12-02-2024T10:33:39 - [TEST_STEP][PASSED] - setEncryptedText(findTestObject("Object Repository/Record/Register/Page_Advantage Shopping/input__passwordRegisterPage"), password): Text ****** has been set on object 'Object Repository/Record/Register/Page_Advantage Shopping/input__passwordRegisterPage'

12-02-2024T10:33:40 - [MESSAGE][PASSED] - Text ****** has been set on object 'Object Repository/Record/Register/Page_Advantage Shopping/input__passwordRegisterPage'

12-02-2024T10:33:40 - [TEST_STEP][PASSED] - setEncryptedText(findTestObject("Object Repository/Record/Register/Page_Advantage Shopping/input__confirm_passwordRegisterPage"), password): Text ****** has been set on object 'Object Repository/Record/Register/Page_Advantage Shopping/input__confirm_passwordRegisterPage'

12-02-2024T10:33:41 - [MESSAGE][PASSED] - Text ****** has been set on object 'Object Repository/Record/Register/Page_Advantage Shopping/input__confirm_passwordRegisterPage'

12-02-2024T10:33:41 - [TEST_STEP][PASSED] - setText(findTestObject("Object Repository/Record/Register/Page_Advantage Shopping/input_PERSONAL DETAILS_first_nameRegisterPage"), firstName): Text 'Emas' is set on object 'Object Repository/Record/Register/Page_Advantage Shopping/input_PERSONAL DETAILS_first_nameRegisterPage'

12-02-2024T10:33:42 - [MESSAGE][PASSED] - Text 'Emas' is set on object 'Object Repository/Record/Register/Page_Advantage Shopping/input_PERSONAL DETAILS_first_nameRegisterPage'

12-02-2024T10:33:42 - [TEST_STEP][PASSED] - setText(findTestObject("Object Repository/Record/Register/Page_Advantage Shopping/input_- Use maximum 30 character_last_nameR_6ef033"), lastName): Text 'Permadi' is set on object 'Object Repository/Record/Register/Page_Advantage Shopping/input_- Use maximum 30 character_last_nameR_6ef033'

12-02-2024T10:33:43 - [MESSAGE][PASSED] - Text 'Permadi' is set on object 'Object Repository/Record/Register/Page_Advantage Shopping/input_- Use maximum 30 character_last_nameR_6ef033'

12-02-2024T10:33:43 - [TEST_STEP][PASSED] - setText(findTestObject("Object Repository/Record/Register/Page_Advantage Shopping/input_- Use maximum 30 character_phone_numb_7c938a"), phoneNumber): Text '081234567890' is set on object 'Object Repository/Record/Register/Page_Advantage Shopping/input_- Use maximum 30 character_phone_numb_7c938a'

12-02-2024T10:33:44 - [MESSAGE][PASSED] - Text '081234567890' is set on object 'Object Repository/Record/Register/Page_Advantage Shopping/input_- Use maximum 30 character_phone_numb_7c938a'

12-02-2024T10:33:44 - [TEST_STEP][PASSED] - selectOptionByLabel(findTestObject("Object Repository/Record/Register/Page_Advantage Shopping/select_AfganistanAlbaniaAlgeriaAmerican Sam_3cef8a"), country, true): All options with label 'Singapore' are selected in object 'Object Repository/Record/Register/Page_Advantage Shopping/select_AfganistanAlbaniaAlgeriaAmerican Sam_3cef8a'  using regular expression

12-02-2024T10:33:50 - [MESSAGE][PASSED] - All options with label 'Singapore' are selected in object 'Object Repository/Record/Register/Page_Advantage Shopping/select_AfganistanAlbaniaAlgeriaAmerican Sam_3cef8a'  using regular expression

12-02-2024T10:33:50 - [TEST_STEP][PASSED] - setText(findTestObject("Object Repository/Record/Register/Page_Advantage Shopping/input_Country_cityRegisterPage"), city): Text 'Singapore City' is set on object 'Object Repository/Record/Register/Page_Advantage Shopping/input_Country_cityRegisterPage'

12-02-2024T10:33:51 - [MESSAGE][PASSED] - Text 'Singapore City' is set on object 'Object Repository/Record/Register/Page_Advantage Shopping/input_Country_cityRegisterPage'

12-02-2024T10:33:51 - [TEST_STEP][PASSED] - setText(findTestObject("Object Repository/Record/Register/Page_Advantage Shopping/input_- Use maximum 25 character_addressReg_9e23b3"), address): Text 'Orchard Road' is set on object 'Object Repository/Record/Register/Page_Advantage Shopping/input_- Use maximum 25 character_addressReg_9e23b3'

12-02-2024T10:33:53 - [MESSAGE][PASSED] - Text 'Orchard Road' is set on object 'Object Repository/Record/Register/Page_Advantage Shopping/input_- Use maximum 25 character_addressReg_9e23b3'

12-02-2024T10:33:53 - [TEST_STEP][PASSED] - setText(findTestObject("Object Repository/Record/Register/Page_Advantage Shopping/input_- Use maximum 50 character_state__pro_272a54"), region): Text 'Singapore' is set on object 'Object Repository/Record/Register/Page_Advantage Shopping/input_- Use maximum 50 character_state__pro_272a54'

12-02-2024T10:33:54 - [MESSAGE][PASSED] - Text 'Singapore' is set on object 'Object Repository/Record/Register/Page_Advantage Shopping/input_- Use maximum 50 character_state__pro_272a54'

12-02-2024T10:33:54 - [TEST_STEP][PASSED] - setText(findTestObject("Object Repository/Record/Register/Page_Advantage Shopping/input_- Use maximum 10 character_postal_cod_639c2f"), postCode): Text '10239' is set on object 'Object Repository/Record/Register/Page_Advantage Shopping/input_- Use maximum 10 character_postal_cod_639c2f'

12-02-2024T10:33:55 - [MESSAGE][PASSED] - Text '10239' is set on object 'Object Repository/Record/Register/Page_Advantage Shopping/input_- Use maximum 10 character_postal_cod_639c2f'

12-02-2024T10:33:55 - [TEST_STEP][PASSED] - click(findTestObject("Object Repository/Record/Register/Page_Advantage Shopping/input_Receive exclusive offers and promotio_5c7450")): Object: 'Object Repository/Record/Register/Page_Advantage Shopping/input_Receive exclusive offers and promotio_5c7450' is clicked on

12-02-2024T10:33:56 - [MESSAGE][PASSED] - Object: 'Object Repository/Record/Register/Page_Advantage Shopping/input_Receive exclusive offers and promotio_5c7450' is clicked on

12-02-2024T10:33:56 - [TEST_STEP][PASSED] - click(findTestObject("Object Repository/Record/Register/Page_Advantage Shopping/button_REGISTER")): Object: 'Object Repository/Record/Register/Page_Advantage Shopping/button_REGISTER' is clicked on

12-02-2024T10:33:56 - [MESSAGE][PASSED] - Object: 'Object Repository/Record/Register/Page_Advantage Shopping/button_REGISTER' is clicked on

12-02-2024T10:33:56 - [TEST_STEP][PASSED] - verifyElementText(findTestObject("Object Repository/Record/Register/Page_Advantage Shopping/span_testname"), username): Actual text and expected text of test object 'Object Repository/Record/Register/Page_Advantage Shopping/span_testname' are matched.

12-02-2024T10:34:27 - [MESSAGE][INFO] - Unable to find the element located by 'By.xpath: '. Please recheck the objects properties to make sure the desired element is located. 

12-02-2024T10:34:27 - [MESSAGE][WARNING] - [SELF-HEALING] Failed to find element with id 'Object Repository/Record/Register/Page_Advantage Shopping/span_testname'. Try using Self-healing.

12-02-2024T10:34:28 - [MESSAGE][WARNING] - [SELF-HEALING] The current locator of test object 'Object Repository/Record/Register/Page_Advantage Shopping/span_testname' was broken. Propose an alternative one: '//a[@id='menuUserLink']/span'.

12-02-2024T10:34:28 - [MESSAGE][PASSED] - Actual text and expected text of test object 'Object Repository/Record/Register/Page_Advantage Shopping/span_testname' are matched.

12-02-2024T10:34:28 - [TEST_STEP][PASSED] - delay(3): Delayed 3 second(s)

12-02-2024T10:34:31 - [MESSAGE][PASSED] - Delayed 3 second(s)

12-02-2024T10:34:31 - [TEST_STEP][PASSED] - closeBrowser(): Browser is closed

12-02-2024T10:34:31 - [MESSAGE][PASSED] - Browser is closed

12-02-2024T10:34:33 - [TEST_STEP][PASSED] - Video: Video recording for test case 'Test Cases/Register' .

12-02-2024T10:34:33 - [MESSAGE][INFO] - Video recording for test case 'Test Cases/Register' .]]></system-out>
         <system-err><![CDATA[]]></system-err>
      </testcase>
      <testcase name="Test Cases/Login" time="17.546" classname="Test Cases/Login" status="PASSED">
         <system-out><![CDATA[12-02-2024T10:34:33 - [TEST_CASE][PASSED] - Test Cases/Login: Test Cases/Login

12-02-2024T10:34:33 - [TEST_STEP][PASSED] - openBrowser(""): Browser is opened with url: ''

12-02-2024T10:34:33 - [MESSAGE][INFO] - Starting 'Chrome' driver

12-02-2024T10:34:33 - [MESSAGE][INFO] - Action delay is set to 0 milliseconds

12-02-2024T10:34:34 - [MESSAGE][PASSED] - Browser is opened with url: ''

12-02-2024T10:34:34 - [TEST_STEP][PASSED] - navigateToUrl("https://advantageonlineshopping.com/#/"): Navigate to 'https://advantageonlineshopping.com/#/' successfully

12-02-2024T10:34:38 - [MESSAGE][PASSED] - Navigate to 'https://advantageonlineshopping.com/#/' successfully

12-02-2024T10:34:38 - [TEST_STEP][PASSED] - click(findTestObject("Object Repository/Record/Login/Page_Advantage Shopping/svg_CHECKOUT  (0.00)_menuUser")): Object: 'Object Repository/Record/Login/Page_Advantage Shopping/svg_CHECKOUT  (0.00)_menuUser' is clicked on

12-02-2024T10:34:43 - [MESSAGE][PASSED] - Object: 'Object Repository/Record/Login/Page_Advantage Shopping/svg_CHECKOUT  (0.00)_menuUser' is clicked on

12-02-2024T10:34:43 - [TEST_STEP][PASSED] - setText(findTestObject("Object Repository/Record/Login/Page_Advantage Shopping/input_OR_username"), username): Text 'khalim' is set on object 'Object Repository/Record/Login/Page_Advantage Shopping/input_OR_username'

12-02-2024T10:34:44 - [MESSAGE][PASSED] - Text 'khalim' is set on object 'Object Repository/Record/Login/Page_Advantage Shopping/input_OR_username'

12-02-2024T10:34:44 - [TEST_STEP][PASSED] - setEncryptedText(findTestObject("Object Repository/Record/Login/Page_Advantage Shopping/input_Username_password"), password): Text ****** has been set on object 'Object Repository/Record/Login/Page_Advantage Shopping/input_Username_password'

12-02-2024T10:34:46 - [MESSAGE][PASSED] - Text ****** has been set on object 'Object Repository/Record/Login/Page_Advantage Shopping/input_Username_password'

12-02-2024T10:34:46 - [TEST_STEP][PASSED] - click(findTestObject("Object Repository/Record/Login/Page_Advantage Shopping/button_SIGN IN")): Object: 'Object Repository/Record/Login/Page_Advantage Shopping/button_SIGN IN' is clicked on

12-02-2024T10:34:46 - [MESSAGE][PASSED] - Object: 'Object Repository/Record/Login/Page_Advantage Shopping/button_SIGN IN' is clicked on

12-02-2024T10:34:46 - [TEST_STEP][PASSED] - verifyElementText(findTestObject("Object Repository/Record/Login/Page_Advantage Shopping/span_testname"), username): Actual text and expected text of test object 'Object Repository/Record/Login/Page_Advantage Shopping/span_testname' are matched.

12-02-2024T10:34:49 - [MESSAGE][PASSED] - Actual text and expected text of test object 'Object Repository/Record/Login/Page_Advantage Shopping/span_testname' are matched.

12-02-2024T10:34:49 - [TEST_STEP][PASSED] - closeBrowser(): Browser is closed

12-02-2024T10:34:49 - [MESSAGE][PASSED] - Browser is closed

12-02-2024T10:34:51 - [TEST_STEP][PASSED] - Video: Video recording for test case 'Test Cases/Login' .

12-02-2024T10:34:51 - [MESSAGE][INFO] - Video recording for test case 'Test Cases/Login' .]]></system-out>
         <system-err><![CDATA[]]></system-err>
      </testcase>
      <testcase name="Test Cases/Login" time="16.04" classname="Test Cases/Login" status="PASSED">
         <system-out><![CDATA[12-02-2024T10:34:51 - [TEST_CASE][PASSED] - Test Cases/Login: Test Cases/Login

12-02-2024T10:34:51 - [TEST_STEP][PASSED] - openBrowser(""): Browser is opened with url: ''

12-02-2024T10:34:51 - [MESSAGE][INFO] - Starting 'Chrome' driver

12-02-2024T10:34:51 - [MESSAGE][INFO] - Action delay is set to 0 milliseconds

12-02-2024T10:34:52 - [MESSAGE][PASSED] - Browser is opened with url: ''

12-02-2024T10:34:52 - [TEST_STEP][PASSED] - navigateToUrl("https://advantageonlineshopping.com/#/"): Navigate to 'https://advantageonlineshopping.com/#/' successfully

12-02-2024T10:34:53 - [MESSAGE][PASSED] - Navigate to 'https://advantageonlineshopping.com/#/' successfully

12-02-2024T10:34:53 - [TEST_STEP][PASSED] - click(findTestObject("Object Repository/Record/Login/Page_Advantage Shopping/svg_CHECKOUT  (0.00)_menuUser")): Object: 'Object Repository/Record/Login/Page_Advantage Shopping/svg_CHECKOUT  (0.00)_menuUser' is clicked on

12-02-2024T10:34:56 - [MESSAGE][PASSED] - Object: 'Object Repository/Record/Login/Page_Advantage Shopping/svg_CHECKOUT  (0.00)_menuUser' is clicked on

12-02-2024T10:34:56 - [TEST_STEP][PASSED] - setText(findTestObject("Object Repository/Record/Login/Page_Advantage Shopping/input_OR_username"), username): Text 'intany' is set on object 'Object Repository/Record/Login/Page_Advantage Shopping/input_OR_username'

12-02-2024T10:34:57 - [MESSAGE][PASSED] - Text 'intany' is set on object 'Object Repository/Record/Login/Page_Advantage Shopping/input_OR_username'

12-02-2024T10:34:57 - [TEST_STEP][PASSED] - setEncryptedText(findTestObject("Object Repository/Record/Login/Page_Advantage Shopping/input_Username_password"), password): Text ****** has been set on object 'Object Repository/Record/Login/Page_Advantage Shopping/input_Username_password'

12-02-2024T10:34:58 - [MESSAGE][PASSED] - Text ****** has been set on object 'Object Repository/Record/Login/Page_Advantage Shopping/input_Username_password'

12-02-2024T10:34:58 - [TEST_STEP][PASSED] - click(findTestObject("Object Repository/Record/Login/Page_Advantage Shopping/button_SIGN IN")): Object: 'Object Repository/Record/Login/Page_Advantage Shopping/button_SIGN IN' is clicked on

12-02-2024T10:34:59 - [MESSAGE][PASSED] - Object: 'Object Repository/Record/Login/Page_Advantage Shopping/button_SIGN IN' is clicked on

12-02-2024T10:34:59 - [TEST_STEP][PASSED] - verifyElementText(findTestObject("Object Repository/Record/Login/Page_Advantage Shopping/span_testname"), username): Actual text and expected text of test object 'Object Repository/Record/Login/Page_Advantage Shopping/span_testname' are matched.

12-02-2024T10:35:05 - [MESSAGE][PASSED] - Actual text and expected text of test object 'Object Repository/Record/Login/Page_Advantage Shopping/span_testname' are matched.

12-02-2024T10:35:05 - [TEST_STEP][PASSED] - closeBrowser(): Browser is closed

12-02-2024T10:35:05 - [MESSAGE][PASSED] - Browser is closed

12-02-2024T10:35:07 - [TEST_STEP][PASSED] - Video: Video recording for test case 'Test Cases/Login' .

12-02-2024T10:35:07 - [MESSAGE][INFO] - Video recording for test case 'Test Cases/Login' .]]></system-out>
         <system-err><![CDATA[]]></system-err>
      </testcase>
      <testcase name="Test Cases/Login" time="16.329" classname="Test Cases/Login" status="PASSED">
         <system-out><![CDATA[12-02-2024T10:35:07 - [TEST_CASE][PASSED] - Test Cases/Login: Test Cases/Login

12-02-2024T10:35:07 - [TEST_STEP][PASSED] - openBrowser(""): Browser is opened with url: ''

12-02-2024T10:35:07 - [MESSAGE][INFO] - Starting 'Chrome' driver

12-02-2024T10:35:07 - [MESSAGE][INFO] - Action delay is set to 0 milliseconds

12-02-2024T10:35:08 - [MESSAGE][PASSED] - Browser is opened with url: ''

12-02-2024T10:35:08 - [TEST_STEP][PASSED] - navigateToUrl("https://advantageonlineshopping.com/#/"): Navigate to 'https://advantageonlineshopping.com/#/' successfully

12-02-2024T10:35:09 - [MESSAGE][PASSED] - Navigate to 'https://advantageonlineshopping.com/#/' successfully

12-02-2024T10:35:09 - [TEST_STEP][PASSED] - click(findTestObject("Object Repository/Record/Login/Page_Advantage Shopping/svg_CHECKOUT  (0.00)_menuUser")): Object: 'Object Repository/Record/Login/Page_Advantage Shopping/svg_CHECKOUT  (0.00)_menuUser' is clicked on

12-02-2024T10:35:17 - [MESSAGE][PASSED] - Object: 'Object Repository/Record/Login/Page_Advantage Shopping/svg_CHECKOUT  (0.00)_menuUser' is clicked on

12-02-2024T10:35:17 - [TEST_STEP][PASSED] - setText(findTestObject("Object Repository/Record/Login/Page_Advantage Shopping/input_OR_username"), username): Text 'emasgold' is set on object 'Object Repository/Record/Login/Page_Advantage Shopping/input_OR_username'

12-02-2024T10:35:17 - [MESSAGE][PASSED] - Text 'emasgold' is set on object 'Object Repository/Record/Login/Page_Advantage Shopping/input_OR_username'

12-02-2024T10:35:17 - [TEST_STEP][PASSED] - setEncryptedText(findTestObject("Object Repository/Record/Login/Page_Advantage Shopping/input_Username_password"), password): Text ****** has been set on object 'Object Repository/Record/Login/Page_Advantage Shopping/input_Username_password'

12-02-2024T10:35:19 - [MESSAGE][PASSED] - Text ****** has been set on object 'Object Repository/Record/Login/Page_Advantage Shopping/input_Username_password'

12-02-2024T10:35:19 - [TEST_STEP][PASSED] - click(findTestObject("Object Repository/Record/Login/Page_Advantage Shopping/button_SIGN IN")): Object: 'Object Repository/Record/Login/Page_Advantage Shopping/button_SIGN IN' is clicked on

12-02-2024T10:35:19 - [MESSAGE][PASSED] - Object: 'Object Repository/Record/Login/Page_Advantage Shopping/button_SIGN IN' is clicked on

12-02-2024T10:35:19 - [TEST_STEP][PASSED] - verifyElementText(findTestObject("Object Repository/Record/Login/Page_Advantage Shopping/span_testname"), username): Actual text and expected text of test object 'Object Repository/Record/Login/Page_Advantage Shopping/span_testname' are matched.

12-02-2024T10:35:21 - [MESSAGE][PASSED] - Actual text and expected text of test object 'Object Repository/Record/Login/Page_Advantage Shopping/span_testname' are matched.

12-02-2024T10:35:21 - [TEST_STEP][PASSED] - closeBrowser(): Browser is closed

12-02-2024T10:35:21 - [MESSAGE][PASSED] - Browser is closed

12-02-2024T10:35:23 - [TEST_STEP][PASSED] - Video: Video recording for test case 'Test Cases/Login' .

12-02-2024T10:35:23 - [MESSAGE][INFO] - Video recording for test case 'Test Cases/Login' .]]></system-out>
         <system-err><![CDATA[]]></system-err>
      </testcase>
      <system-out><![CDATA[12-02-2024T10:31:01 - [TEST_SUITE][PASSED] - New User Login: Test Cases/Login]]></system-out>
      <system-err><![CDATA[]]></system-err>
   </testsuite>
</testsuites>
