<?xml version="1.0" encoding="UTF-8"?>
<testsuites name="Search Item" time="132.311" tests="4" failures="0" errors="0">
   <testsuite name="Search Item" tests="4" failures="0" errors="0" time="132.311" skipped="0" timestamp="13-02-2024T07:52:44" hostname="aziz_ - AspireVeroA2G" id="Test Suites/Search Item">
      <properties>
         <property name="deviceName" value=""/>
         <property name="devicePlatform" value=""/>
         <property name="logFolder" value="C:\\Users\\aziz_\\git\\finalProjectWeb\\Reports\\20240213_074432\\Search Item\\20240213_074437"/>
         <property name="logFiles" value="C:\\Users\\aziz_\\git\\finalProjectWeb\\Reports\\20240213_074432\\Search Item\\20240213_074437\\execution0.log"/>
         <property name="attachments" value=""/>
         <property name="hostName" value="aziz_ - AspireVeroA2G"/>
         <property name="os" value="Windows 11 64bit"/>
         <property name="katalonVersion" value="9.3.0.212"/>
         <property name="browser" value="Chrome 121.0.0.0"/>
         <property name="hostAddress" value="172.16.213.227"/>
         <property name="sessionId" value="9035c6f0092e0bba46b94a087f71de70"/>
         <property name="seleniumVersion" value="3.141.59"/>
         <property name="proxyInformation" value="ProxyInformation { proxyOption=NO_PROXY, proxyServerType=HTTP, username=, password=********, proxyServerAddress=, proxyServerPort=0, executionList=&quot;&quot;, isApplyToDesiredCapabilities=true }"/>
         <property name="platform" value="Windows 11"/>
      </properties>
      <testcase name="Test Cases/Search Item 01 - Item Found" time="40.342" classname="Test Cases/Search Item 01 - Item Found" status="PASSED">
         <system-out><![CDATA[13-02-2024T07:52:44 - [TEST_CASE][PASSED] - Test Cases/Search Item 01 - Item Found: Test Cases/Search Item 01 - Item Found

13-02-2024T07:52:44 - [TEST_STEP][PASSED] - randomNumber = customKeywords.randomGenerator.generateRandomNumber(): customKeywords.randomGenerator.generateRandomNumber is PASSED

13-02-2024T07:52:45 - [MESSAGE][PASSED] - customKeywords.randomGenerator.generateRandomNumber is PASSED

13-02-2024T07:52:45 - [TEST_STEP][PASSED] - println(randomNumber): null

13-02-2024T07:52:45 - [TEST_STEP][PASSED] - openBrowser(""): Browser is opened with url: ''

13-02-2024T07:52:45 - [MESSAGE][INFO] - Starting 'Chrome' driver

13-02-2024T07:52:45 - [MESSAGE][INFO] - User set preference: ['args', '[--start-maximized]']

13-02-2024T07:52:45 - [MESSAGE][INFO] - Action delay is set to 0 milliseconds

13-02-2024T07:52:46 - [MESSAGE][PASSED] - Browser is opened with url: ''

13-02-2024T07:52:46 - [TEST_STEP][PASSED] - navigateToUrl("https://advantageonlineshopping.com/#/"): Navigate to 'https://advantageonlineshopping.com/#/' successfully

13-02-2024T07:52:48 - [MESSAGE][PASSED] - Navigate to 'https://advantageonlineshopping.com/#/' successfully

13-02-2024T07:52:48 - [TEST_STEP][PASSED] - click(findTestObject("Spy/Homepage/Page_Advantage Shopping/searchIcon")): Object: 'Object Repository/Spy/Homepage/Page_Advantage Shopping/searchIcon' is clicked on

13-02-2024T07:52:50 - [MESSAGE][PASSED] - Object: 'Object Repository/Spy/Homepage/Page_Advantage Shopping/searchIcon' is clicked on

13-02-2024T07:52:50 - [TEST_STEP][PASSED] - switch (randomNumber): null

13-02-2024T07:52:50 - [TEST_STEP][PASSED] - case 1:: null

13-02-2024T07:52:50 - [TEST_STEP][PASSED] - setText(findTestObject("Object Repository/Record/Search Item/Page_Advantage Shopping/input_Sign out_autoComplete"), "HP Pavilion 15z"): Text 'HP Pavilion 15z' is set on object 'Object Repository/Record/Search Item/Page_Advantage Shopping/input_Sign out_autoComplete'

13-02-2024T07:52:52 - [MESSAGE][PASSED] - Text 'HP Pavilion 15z' is set on object 'Object Repository/Record/Search Item/Page_Advantage Shopping/input_Sign out_autoComplete'

13-02-2024T07:52:52 - [TEST_STEP][PASSED] - sendKeys(findTestObject("Object Repository/Record/Search Item/Page_Advantage Shopping/input_Sign out_autoComplete"), Keys.chord(ENTER)): Keys 'ENTER + ' sent to object: 'Object Repository/Record/Search Item/Page_Advantage Shopping/input_Sign out_autoComplete'

13-02-2024T07:53:21 - [MESSAGE][PASSED] - Keys 'ENTER + ' sent to object: 'Object Repository/Record/Search Item/Page_Advantage Shopping/input_Sign out_autoComplete'

13-02-2024T07:53:21 - [TEST_STEP][PASSED] - verifyTextPresent("HP Pavilion 15z Laptop", false): Text 'HP Pavilion 15z Laptop' is present on page 

13-02-2024T07:53:22 - [MESSAGE][PASSED] - Text 'HP Pavilion 15z Laptop' is present on page 

13-02-2024T07:53:22 - [TEST_STEP][PASSED] - break: null

13-02-2024T07:53:22 - [TEST_STEP][PASSED] - closeBrowser(): Browser is closed

13-02-2024T07:53:22 - [MESSAGE][PASSED] - Browser is closed

13-02-2024T07:53:24 - [TEST_STEP][PASSED] - Video: Video recording for test case 'Test Cases/Search Item 01 - Item Found' .

13-02-2024T07:53:24 - [MESSAGE][INFO] - Video recording for test case 'Test Cases/Search Item 01 - Item Found' .]]></system-out>
         <system-err><![CDATA[]]></system-err>
      </testcase>
      <testcase name="Test Cases/Search Item 01 - Item Found" time="26.931" classname="Test Cases/Search Item 01 - Item Found" status="PASSED">
         <system-out><![CDATA[13-02-2024T07:53:24 - [TEST_CASE][PASSED] - Test Cases/Search Item 01 - Item Found: Test Cases/Search Item 01 - Item Found

13-02-2024T07:53:24 - [TEST_STEP][PASSED] - randomNumber = customKeywords.randomGenerator.generateRandomNumber(): customKeywords.randomGenerator.generateRandomNumber is PASSED

13-02-2024T07:53:24 - [MESSAGE][PASSED] - customKeywords.randomGenerator.generateRandomNumber is PASSED

13-02-2024T07:53:24 - [TEST_STEP][PASSED] - println(randomNumber): null

13-02-2024T07:53:25 - [TEST_STEP][PASSED] - openBrowser(""): Browser is opened with url: ''

13-02-2024T07:53:25 - [MESSAGE][INFO] - Starting 'Chrome' driver

13-02-2024T07:53:25 - [MESSAGE][INFO] - User set preference: ['args', '[--start-maximized]']

13-02-2024T07:53:25 - [MESSAGE][INFO] - Action delay is set to 0 milliseconds

13-02-2024T07:53:25 - [MESSAGE][PASSED] - Browser is opened with url: ''

13-02-2024T07:53:25 - [TEST_STEP][PASSED] - navigateToUrl("https://advantageonlineshopping.com/#/"): Navigate to 'https://advantageonlineshopping.com/#/' successfully

13-02-2024T07:53:27 - [MESSAGE][PASSED] - Navigate to 'https://advantageonlineshopping.com/#/' successfully

13-02-2024T07:53:27 - [TEST_STEP][PASSED] - click(findTestObject("Spy/Homepage/Page_Advantage Shopping/searchIcon")): Object: 'Object Repository/Spy/Homepage/Page_Advantage Shopping/searchIcon' is clicked on

13-02-2024T07:53:36 - [MESSAGE][PASSED] - Object: 'Object Repository/Spy/Homepage/Page_Advantage Shopping/searchIcon' is clicked on

13-02-2024T07:53:36 - [TEST_STEP][PASSED] - switch (randomNumber): null

13-02-2024T07:53:36 - [TEST_STEP][PASSED] - case 3:: null

13-02-2024T07:53:36 - [TEST_STEP][PASSED] - setText(findTestObject("Object Repository/Record/Search Item/Page_Advantage Shopping/input_Sign out_autoComplete"), "Beats"): Text 'Beats' is set on object 'Object Repository/Record/Search Item/Page_Advantage Shopping/input_Sign out_autoComplete'

13-02-2024T07:53:38 - [MESSAGE][PASSED] - Text 'Beats' is set on object 'Object Repository/Record/Search Item/Page_Advantage Shopping/input_Sign out_autoComplete'

13-02-2024T07:53:38 - [TEST_STEP][PASSED] - sendKeys(findTestObject("Object Repository/Record/Search Item/Page_Advantage Shopping/input_Sign out_autoComplete"), Keys.chord(ENTER)): Keys 'ENTER + ' sent to object: 'Object Repository/Record/Search Item/Page_Advantage Shopping/input_Sign out_autoComplete'

13-02-2024T07:53:48 - [MESSAGE][PASSED] - Keys 'ENTER + ' sent to object: 'Object Repository/Record/Search Item/Page_Advantage Shopping/input_Sign out_autoComplete'

13-02-2024T07:53:48 - [TEST_STEP][PASSED] - verifyTextPresent("Beats Studio 2 Over-Ear Matte Black Headphones", false): Text 'Beats Studio 2 Over-Ear Matte Black Headphones' is present on page 

13-02-2024T07:53:49 - [MESSAGE][PASSED] - Text 'Beats Studio 2 Over-Ear Matte Black Headphones' is present on page 

13-02-2024T07:53:49 - [TEST_STEP][PASSED] - break: null

13-02-2024T07:53:49 - [TEST_STEP][PASSED] - closeBrowser(): Browser is closed

13-02-2024T07:53:49 - [MESSAGE][PASSED] - Browser is closed

13-02-2024T07:53:51 - [TEST_STEP][PASSED] - Video: Video recording for test case 'Test Cases/Search Item 01 - Item Found' .

13-02-2024T07:53:51 - [MESSAGE][INFO] - Video recording for test case 'Test Cases/Search Item 01 - Item Found' .]]></system-out>
         <system-err><![CDATA[]]></system-err>
      </testcase>
      <testcase name="Test Cases/Search Item 01 - Item Found" time="34.191" classname="Test Cases/Search Item 01 - Item Found" status="PASSED">
         <system-out><![CDATA[13-02-2024T07:53:51 - [TEST_CASE][PASSED] - Test Cases/Search Item 01 - Item Found: Test Cases/Search Item 01 - Item Found

13-02-2024T07:53:51 - [TEST_STEP][PASSED] - randomNumber = customKeywords.randomGenerator.generateRandomNumber(): customKeywords.randomGenerator.generateRandomNumber is PASSED

13-02-2024T07:53:51 - [MESSAGE][PASSED] - customKeywords.randomGenerator.generateRandomNumber is PASSED

13-02-2024T07:53:51 - [TEST_STEP][PASSED] - println(randomNumber): null

13-02-2024T07:53:51 - [TEST_STEP][PASSED] - openBrowser(""): Browser is opened with url: ''

13-02-2024T07:53:51 - [MESSAGE][INFO] - Starting 'Chrome' driver

13-02-2024T07:53:51 - [MESSAGE][INFO] - User set preference: ['args', '[--start-maximized]']

13-02-2024T07:53:51 - [MESSAGE][INFO] - Action delay is set to 0 milliseconds

13-02-2024T07:53:52 - [MESSAGE][PASSED] - Browser is opened with url: ''

13-02-2024T07:53:52 - [TEST_STEP][PASSED] - navigateToUrl("https://advantageonlineshopping.com/#/"): Navigate to 'https://advantageonlineshopping.com/#/' successfully

13-02-2024T07:53:56 - [MESSAGE][PASSED] - Navigate to 'https://advantageonlineshopping.com/#/' successfully

13-02-2024T07:53:56 - [TEST_STEP][PASSED] - click(findTestObject("Spy/Homepage/Page_Advantage Shopping/searchIcon")): Object: 'Object Repository/Spy/Homepage/Page_Advantage Shopping/searchIcon' is clicked on

13-02-2024T07:54:02 - [MESSAGE][PASSED] - Object: 'Object Repository/Spy/Homepage/Page_Advantage Shopping/searchIcon' is clicked on

13-02-2024T07:54:02 - [TEST_STEP][PASSED] - switch (randomNumber): null

13-02-2024T07:54:02 - [TEST_STEP][PASSED] - case 2:: null

13-02-2024T07:54:02 - [TEST_STEP][PASSED] - setText(findTestObject("Object Repository/Record/Search Item/Page_Advantage Shopping/input_Sign out_autoComplete"), "Logitech G"): Text 'Logitech G' is set on object 'Object Repository/Record/Search Item/Page_Advantage Shopping/input_Sign out_autoComplete'

13-02-2024T07:54:04 - [MESSAGE][PASSED] - Text 'Logitech G' is set on object 'Object Repository/Record/Search Item/Page_Advantage Shopping/input_Sign out_autoComplete'

13-02-2024T07:54:04 - [TEST_STEP][PASSED] - sendKeys(findTestObject("Object Repository/Record/Search Item/Page_Advantage Shopping/input_Sign out_autoComplete"), Keys.chord(ENTER)): Keys 'ENTER + ' sent to object: 'Object Repository/Record/Search Item/Page_Advantage Shopping/input_Sign out_autoComplete'

13-02-2024T07:54:22 - [MESSAGE][PASSED] - Keys 'ENTER + ' sent to object: 'Object Repository/Record/Search Item/Page_Advantage Shopping/input_Sign out_autoComplete'

13-02-2024T07:54:22 - [TEST_STEP][PASSED] - verifyTextPresent("Logitech G502 Proteus Core", false): Text 'Logitech G502 Proteus Core' is present on page 

13-02-2024T07:54:23 - [MESSAGE][PASSED] - Text 'Logitech G502 Proteus Core' is present on page 

13-02-2024T07:54:23 - [TEST_STEP][PASSED] - break: null

13-02-2024T07:54:23 - [TEST_STEP][PASSED] - closeBrowser(): Browser is closed

13-02-2024T07:54:23 - [MESSAGE][PASSED] - Browser is closed

13-02-2024T07:54:25 - [TEST_STEP][PASSED] - Video: Video recording for test case 'Test Cases/Search Item 01 - Item Found' .

13-02-2024T07:54:25 - [MESSAGE][INFO] - Video recording for test case 'Test Cases/Search Item 01 - Item Found' .]]></system-out>
         <system-err><![CDATA[]]></system-err>
      </testcase>
      <testcase name="Test Cases/Search Item 02 - Item Not Found" time="30.648" classname="Test Cases/Search Item 02 - Item Not Found" status="PASSED">
         <system-out><![CDATA[13-02-2024T07:54:25 - [TEST_CASE][PASSED] - Test Cases/Search Item 02 - Item Not Found: Test Cases/Search Item 02 - Item Not Found

13-02-2024T07:54:26 - [TEST_STEP][PASSED] - openBrowser(""): Browser is opened with url: ''

13-02-2024T07:54:26 - [MESSAGE][INFO] - Starting 'Chrome' driver

13-02-2024T07:54:26 - [MESSAGE][INFO] - User set preference: ['args', '[--start-maximized]']

13-02-2024T07:54:26 - [MESSAGE][INFO] - Action delay is set to 0 milliseconds

13-02-2024T07:54:27 - [MESSAGE][PASSED] - Browser is opened with url: ''

13-02-2024T07:54:27 - [TEST_STEP][PASSED] - navigateToUrl("https://advantageonlineshopping.com/#/"): Navigate to 'https://advantageonlineshopping.com/#/' successfully

13-02-2024T07:54:28 - [MESSAGE][PASSED] - Navigate to 'https://advantageonlineshopping.com/#/' successfully

13-02-2024T07:54:28 - [TEST_STEP][PASSED] - click(findTestObject("Spy/Homepage/Page_Advantage Shopping/searchIcon")): Object: 'Object Repository/Spy/Homepage/Page_Advantage Shopping/searchIcon' is clicked on

13-02-2024T07:54:37 - [MESSAGE][PASSED] - Object: 'Object Repository/Spy/Homepage/Page_Advantage Shopping/searchIcon' is clicked on

13-02-2024T07:54:37 - [TEST_STEP][PASSED] - setText(findTestObject("Object Repository/Record/Search Item/Page_Advantage Shopping/input_Sign out_autoComplete"), "Motorolla"): Text 'Motorolla' is set on object 'Object Repository/Record/Search Item/Page_Advantage Shopping/input_Sign out_autoComplete'

13-02-2024T07:54:38 - [MESSAGE][PASSED] - Text 'Motorolla' is set on object 'Object Repository/Record/Search Item/Page_Advantage Shopping/input_Sign out_autoComplete'

13-02-2024T07:54:38 - [TEST_STEP][PASSED] - sendKeys(findTestObject("Object Repository/Record/Search Item/Page_Advantage Shopping/input_Sign out_autoComplete"), Keys.chord(ENTER)): Keys 'ENTER + ' sent to object: 'Object Repository/Record/Search Item/Page_Advantage Shopping/input_Sign out_autoComplete'

13-02-2024T07:54:53 - [MESSAGE][PASSED] - Keys 'ENTER + ' sent to object: 'Object Repository/Record/Search Item/Page_Advantage Shopping/input_Sign out_autoComplete'

13-02-2024T07:54:53 - [TEST_STEP][PASSED] - verifyTextPresent("No results for "Motorolla"", false): Text 'No results for "Motorolla"' is present on page 

13-02-2024T07:54:54 - [MESSAGE][PASSED] - Text 'No results for "Motorolla"' is present on page 

13-02-2024T07:54:54 - [TEST_STEP][PASSED] - closeBrowser(): Browser is closed

13-02-2024T07:54:54 - [MESSAGE][PASSED] - Browser is closed

13-02-2024T07:54:56 - [TEST_STEP][PASSED] - Video: Video recording for test case 'Test Cases/Search Item 02 - Item Not Found' .

13-02-2024T07:54:56 - [MESSAGE][INFO] - Video recording for test case 'Test Cases/Search Item 02 - Item Not Found' .]]></system-out>
         <system-err><![CDATA[]]></system-err>
      </testcase>
      <system-out><![CDATA[13-02-2024T07:52:44 - [TEST_SUITE][PASSED] - Search Item: Test Cases/Search Item 02 - Item Not Found]]></system-out>
      <system-err><![CDATA[]]></system-err>
   </testsuite>
</testsuites>
